
Showing logs for build [32msalaboy-customer-waiting-room-a-2dkp5-24[0m stage [32mfrom-build-pack[0m and container [32mcredential-initializer[0m
{"level":"info","ts":1597141174.1087177,"caller":"creds-init/main.go:44","msg":"Credentials initialized."}

Showing logs for build [32msalaboy-customer-waiting-room-a-2dkp5-24[0m stage [32mfrom-build-pack[0m and container [32mworking-dir-initializer[0m

Showing logs for build [32msalaboy-customer-waiting-room-a-2dkp5-24[0m stage [32mfrom-build-pack[0m and container [32mplace-tools[0m

Showing logs for build [32msalaboy-customer-waiting-room-a-2dkp5-24[0m stage [32mfrom-build-pack[0m and container [32mstep-git-source-salaboy-customer-waiting-room-a-2dkp5-jltrh[0m
{"level":"info","ts":1597141183.3019018,"caller":"git/git.go:105","msg":"Successfully cloned https://github.com/*******/customer-waiting-room-app.git @ v0.0.24 in path /workspace/source"}
{"level":"warn","ts":1597141183.302343,"caller":"git/git.go:152","msg":"Unexpected error: creating symlink: symlink /tekton/home/.ssh /root/.ssh: file exists"}
{"level":"info","ts":1597141183.3416648,"caller":"git/git.go:133","msg":"Successfully initialized and updated submodules in path /workspace/source"}

Showing logs for build [32msalaboy-customer-waiting-room-a-2dkp5-24[0m stage [32mfrom-build-pack[0m and container [32mstep-setup-builder-home[0m

Showing logs for build [32msalaboy-customer-waiting-room-a-2dkp5-24[0m stage [32mfrom-build-pack[0m and container [32mstep-git-merge[0m
Using SHAs from PULL_REFS=master:478ea5ae3511170b2a4eb7f0822d61a36f5f086d
WARNING: no SHAs to merge, falling back to initial cloned commit

Showing logs for build [32msalaboy-customer-waiting-room-a-2dkp5-24[0m stage [32mfrom-build-pack[0m and container [32mstep-setup-jx-git-credentials[0m
Generated Git credentials file /workspace/xdg_config/git/credentials

Showing logs for build [32msalaboy-customer-waiting-room-a-2dkp5-24[0m stage [32mfrom-build-pack[0m and container [32mstep-build-mvn-deploy[0m
Picked up _JAVA_OPTIONS: -XX:+UnlockExperimentalVMOptions -Dsun.zip.disableMemoryMapping=true -XX:+UseParallelGC -XX:MinHeapFreeRatio=5 -XX:MaxHeapFreeRatio=10 -XX:GCTimeRatio=4 -XX:AdaptiveSizePolicyWeight=90 -Xms10m -Xmx192m
[INFO] Scanning for projects...
[INFO] 
[INFO] -----------< com.*******.knative:customer-waiting-room-app >------------
[INFO] Building Knative Example :: Customer Waiting Room App 0.0.24
[INFO] --------------------------------[ jar ]---------------------------------
[INFO] 
[INFO] --- maven-clean-plugin:3.1.0:clean (default-clean) @ customer-waiting-room-app ---
[INFO] 
[INFO] --- maven-resources-plugin:3.1.0:resources (default-resources) @ customer-waiting-room-app ---
[INFO] Using 'UTF-8' encoding to copy filtered resources.
[INFO] Copying 1 resource
[INFO] Copying 17 resources
[INFO] 
[INFO] --- maven-compiler-plugin:3.8.1:compile (default-compile) @ customer-waiting-room-app ---
[INFO] Changes detected - recompiling the module!
[INFO] Compiling 3 source files to /workspace/source/target/classes
[INFO] Some messages have been simplified; recompile with -Xdiags:verbose to get full output
[INFO] -------------------------------------------------------------
[ERROR] COMPILATION ERROR : 
[INFO] -------------------------------------------------------------
[ERROR] /workspace/source/src/main/java/com/*******/knative/waitingroom/TicketsWebSiteService.java:[178,23] no suitable constructor found for String(java.util.Optional)
    constructor java.lang.String.String(java.lang.String) is not applicable
      (argument mismatch; java.util.Optional cannot be converted to java.lang.String)
    constructor java.lang.String.String(char[]) is not applicable
      (argument mismatch; java.util.Optional cannot be converted to char[])
    constructor java.lang.String.String(byte[]) is not applicable
      (argument mismatch; java.util.Optional cannot be converted to byte[])
    constructor java.lang.String.String(java.lang.StringBuffer) is not applicable
      (argument mismatch; java.util.Optional cannot be converted to java.lang.StringBuffer)
    constructor java.lang.String.String(java.lang.StringBuilder) is not applicable
      (argument mismatch; java.util.Optional cannot be converted to java.lang.StringBuilder)
[INFO] 1 error
[INFO] -------------------------------------------------------------
[INFO] ------------------------------------------------------------------------
[INFO] BUILD FAILURE
[INFO] ------------------------------------------------------------------------
[INFO] Total time:  39.402 s
[INFO] Finished at: 2020-08-11T10:20:32Z
[INFO] ------------------------------------------------------------------------
[ERROR] Failed to execute goal org.apache.maven.plugins:maven-compiler-plugin:3.8.1:compile (default-compile) on project customer-waiting-room-app: Compilation failure
[ERROR] /workspace/source/src/main/java/com/*******/knative/waitingroom/TicketsWebSiteService.java:[178,23] no suitable constructor found for String(java.util.Optional)
[ERROR]     constructor java.lang.String.String(java.lang.String) is not applicable
[ERROR]       (argument mismatch; java.util.Optional cannot be converted to java.lang.String)
[ERROR]     constructor java.lang.String.String(char[]) is not applicable
[ERROR]       (argument mismatch; java.util.Optional cannot be converted to char[])
[ERROR]     constructor java.lang.String.String(byte[]) is not applicable
[ERROR]       (argument mismatch; java.util.Optional cannot be converted to byte[])
[ERROR]     constructor java.lang.String.String(java.lang.StringBuffer) is not applicable
[ERROR]       (argument mismatch; java.util.Optional cannot be converted to java.lang.StringBuffer)
[ERROR]     constructor java.lang.String.String(java.lang.StringBuilder) is not applicable
[ERROR]       (argument mismatch; java.util.Optional cannot be converted to java.lang.StringBuilder)
[ERROR] 
[ERROR] -> [Help 1]
[ERROR] 
[ERROR] To see the full stack trace of the errors, re-run Maven with the -e switch.
[ERROR] Re-run Maven using the -X switch to enable full debug logging.
[ERROR] 
[ERROR] For more information about the errors and possible solutions, please read the following articles:
[ERROR] [Help 1] http://cwiki.apache.org/confluence/display/MAVEN/MojoFailureException
[31m
Pipeline failed on stage 'from-build-pack' : container 'step-build-mvn-deploy'. The execution of the pipeline has stopped.[0m
